<?xml version="1.0" encoding="UTF-8"?>
<!-- Generated by org.testng.reporters.JUnitReportReporter -->
<testsuite hostname="DESKTOP-6PSOS2L" failures="0" tests="1" name="tests.TwoTest" time="5.037" errors="0" timestamp="2024-05-10T09:27:08 GMT-07:00" skipped="0">
  <testcase classname="tests.TwoTest" name="testtwo" time="5.037"/>
  <system-out/>
</testsuite> <!-- tests.TwoTest -->
