<?xml version="1.0" encoding="UTF-8"?>
<!-- Generated by org.testng.reporters.JUnitReportReporter -->
<testsuite hostname="DESKTOP-6PSOS2L" failures="0" tests="1" name="tests.ThreeTest" time="0.000" errors="0" timestamp="2024-05-02T13:07:23 GMT-07:00" skipped="0">
  <testcase classname="tests.ThreeTest" name="testthree" time="0.000"/>
</testsuite> <!-- tests.ThreeTest -->
