<?xml version="1.0" encoding="UTF-8"?>
<!-- Generated by org.testng.reporters.JUnitReportReporter -->
<testsuite hostname="DESKTOP-6PSOS2L" failures="0" tests="2" name="tests.LoginTest" time="17.834" errors="0" timestamp="2024-05-02T13:07:23 GMT-07:00" skipped="0">
  <testcase classname="tests.LoginTest" name="login" time="7.918"/>
  <testcase classname="tests.LoginTest" name="login" time="9.916"/>
</testsuite> <!-- tests.LoginTest -->
